Determining if the pthread_create exist failed with the following output:
Change Dir: /home/shuai_cheng/Documents/Repositories/rgbd-slam-tutorial-gx/part II/bin/CMakeFiles/CMakeTmp

Run Build Command:"/usr/bin/make" "cmTC_11159/fast"
/usr/bin/make -f CMakeFiles/cmTC_11159.dir/build.make CMakeFiles/cmTC_11159.dir/build
make[1]: Entering directory '/home/shuai_cheng/Documents/Repositories/rgbd-slam-tutorial-gx/part II/bin/CMakeFiles/CMakeTmp'
Building C object CMakeFiles/cmTC_11159.dir/CheckSymbolExists.c.o
/usr/bin/cc    -o CMakeFiles/cmTC_11159.dir/CheckSymbolExists.c.o   -c "/home/shuai_cheng/Documents/Repositories/rgbd-slam-tutorial-gx/part II/bin/CMakeFiles/CMakeTmp/CheckSymbolExists.c"
Linking C executable cmTC_11159
/usr/bin/cmake -E cmake_link_script CMakeFiles/cmTC_11159.dir/link.txt --verbose=1
/usr/bin/cc      -rdynamic CMakeFiles/cmTC_11159.dir/CheckSymbolExists.c.o  -o cmTC_11159 
CMakeFiles/cmTC_11159.dir/CheckSymbolExists.c.o: In function `main':
CheckSymbolExists.c:(.text+0x1b): undefined reference to `pthread_create'
collect2: error: ld returned 1 exit status
CMakeFiles/cmTC_11159.dir/build.make:97: recipe for target 'cmTC_11159' failed
make[1]: *** [cmTC_11159] Error 1
make[1]: Leaving directory '/home/shuai_cheng/Documents/Repositories/rgbd-slam-tutorial-gx/part II/bin/CMakeFiles/CMakeTmp'
Makefile:126: recipe for target 'cmTC_11159/fast' failed
make: *** [cmTC_11159/fast] Error 2

File /home/shuai_cheng/Documents/Repositories/rgbd-slam-tutorial-gx/part II/bin/CMakeFiles/CMakeTmp/CheckSymbolExists.c:
/* */
#include <pthread.h>

int main(int argc, char** argv)
{
  (void)argv;
#ifndef pthread_create
  return ((int*)(&pthread_create))[argc];
#else
  (void)argc;
  return 0;
#endif
}

Determining if the function pthread_create exists in the pthreads failed with the following output:
Change Dir: /home/shuai_cheng/Documents/Repositories/rgbd-slam-tutorial-gx/part II/bin/CMakeFiles/CMakeTmp

Run Build Command:"/usr/bin/make" "cmTC_4fd1c/fast"
/usr/bin/make -f CMakeFiles/cmTC_4fd1c.dir/build.make CMakeFiles/cmTC_4fd1c.dir/build
make[1]: Entering directory '/home/shuai_cheng/Documents/Repositories/rgbd-slam-tutorial-gx/part II/bin/CMakeFiles/CMakeTmp'
Building C object CMakeFiles/cmTC_4fd1c.dir/CheckFunctionExists.c.o
/usr/bin/cc   -DCHECK_FUNCTION_EXISTS=pthread_create   -o CMakeFiles/cmTC_4fd1c.dir/CheckFunctionExists.c.o   -c /usr/share/cmake-3.10/Modules/CheckFunctionExists.c
Linking C executable cmTC_4fd1c
/usr/bin/cmake -E cmake_link_script CMakeFiles/cmTC_4fd1c.dir/link.txt --verbose=1
/usr/bin/cc  -DCHECK_FUNCTION_EXISTS=pthread_create    -rdynamic CMakeFiles/cmTC_4fd1c.dir/CheckFunctionExists.c.o  -o cmTC_4fd1c -lpthreads 
/usr/bin/ld: cannot find -lpthreads
collect2: error: ld returned 1 exit status
CMakeFiles/cmTC_4fd1c.dir/build.make:97: recipe for target 'cmTC_4fd1c' failed
make[1]: *** [cmTC_4fd1c] Error 1
make[1]: Leaving directory '/home/shuai_cheng/Documents/Repositories/rgbd-slam-tutorial-gx/part II/bin/CMakeFiles/CMakeTmp'
Makefile:126: recipe for target 'cmTC_4fd1c/fast' failed
make: *** [cmTC_4fd1c/fast] Error 2


