Determining if the pthread_create exist failed with the following output:
Change Dir: /home/shuai_cheng/Documents/Repositories/rgbd-slam-tutorial-gx/part IV/bin/CMakeFiles/CMakeTmp

Run Build Command:"/usr/bin/make" "cmTC_d46da/fast"
/usr/bin/make -f CMakeFiles/cmTC_d46da.dir/build.make CMakeFiles/cmTC_d46da.dir/build
make[1]: Entering directory '/home/shuai_cheng/Documents/Repositories/rgbd-slam-tutorial-gx/part IV/bin/CMakeFiles/CMakeTmp'
Building C object CMakeFiles/cmTC_d46da.dir/CheckSymbolExists.c.o
/usr/bin/cc    -o CMakeFiles/cmTC_d46da.dir/CheckSymbolExists.c.o   -c "/home/shuai_cheng/Documents/Repositories/rgbd-slam-tutorial-gx/part IV/bin/CMakeFiles/CMakeTmp/CheckSymbolExists.c"
Linking C executable cmTC_d46da
/usr/bin/cmake -E cmake_link_script CMakeFiles/cmTC_d46da.dir/link.txt --verbose=1
/usr/bin/cc      -rdynamic CMakeFiles/cmTC_d46da.dir/CheckSymbolExists.c.o  -o cmTC_d46da 
CMakeFiles/cmTC_d46da.dir/CheckSymbolExists.c.o: In function `main':
CheckSymbolExists.c:(.text+0x1b): undefined reference to `pthread_create'
collect2: error: ld returned 1 exit status
CMakeFiles/cmTC_d46da.dir/build.make:97: recipe for target 'cmTC_d46da' failed
make[1]: *** [cmTC_d46da] Error 1
make[1]: Leaving directory '/home/shuai_cheng/Documents/Repositories/rgbd-slam-tutorial-gx/part IV/bin/CMakeFiles/CMakeTmp'
Makefile:126: recipe for target 'cmTC_d46da/fast' failed
make: *** [cmTC_d46da/fast] Error 2

File /home/shuai_cheng/Documents/Repositories/rgbd-slam-tutorial-gx/part IV/bin/CMakeFiles/CMakeTmp/CheckSymbolExists.c:
/* */
#include <pthread.h>

int main(int argc, char** argv)
{
  (void)argv;
#ifndef pthread_create
  return ((int*)(&pthread_create))[argc];
#else
  (void)argc;
  return 0;
#endif
}

Determining if the function pthread_create exists in the pthreads failed with the following output:
Change Dir: /home/shuai_cheng/Documents/Repositories/rgbd-slam-tutorial-gx/part IV/bin/CMakeFiles/CMakeTmp

Run Build Command:"/usr/bin/make" "cmTC_9518b/fast"
/usr/bin/make -f CMakeFiles/cmTC_9518b.dir/build.make CMakeFiles/cmTC_9518b.dir/build
make[1]: Entering directory '/home/shuai_cheng/Documents/Repositories/rgbd-slam-tutorial-gx/part IV/bin/CMakeFiles/CMakeTmp'
Building C object CMakeFiles/cmTC_9518b.dir/CheckFunctionExists.c.o
/usr/bin/cc   -DCHECK_FUNCTION_EXISTS=pthread_create   -o CMakeFiles/cmTC_9518b.dir/CheckFunctionExists.c.o   -c /usr/share/cmake-3.10/Modules/CheckFunctionExists.c
Linking C executable cmTC_9518b
/usr/bin/cmake -E cmake_link_script CMakeFiles/cmTC_9518b.dir/link.txt --verbose=1
/usr/bin/cc  -DCHECK_FUNCTION_EXISTS=pthread_create    -rdynamic CMakeFiles/cmTC_9518b.dir/CheckFunctionExists.c.o  -o cmTC_9518b -lpthreads 
/usr/bin/ld: cannot find -lpthreads
collect2: error: ld returned 1 exit status
CMakeFiles/cmTC_9518b.dir/build.make:97: recipe for target 'cmTC_9518b' failed
make[1]: *** [cmTC_9518b] Error 1
make[1]: Leaving directory '/home/shuai_cheng/Documents/Repositories/rgbd-slam-tutorial-gx/part IV/bin/CMakeFiles/CMakeTmp'
Makefile:126: recipe for target 'cmTC_9518b/fast' failed
make: *** [cmTC_9518b/fast] Error 2


